2020-12-01 15:02:53.0767 [LK.Forms.GeneralForm..ctor] INFO Запуск программы.
2020-12-01 15:04:50.5548 [LK.Forms.GeneralForm..ctor] INFO Запуск программы.
2020-12-01 15:07:48.5546 [LK.Forms.GeneralForm..ctor] INFO Запуск программы.
2020-12-01 15:11:52.8759 [LK.Forms.GeneralForm..ctor] INFO Запуск программы.
2020-12-01 15:14:37.1710 [LK.Forms.GeneralForm..ctor] INFO Запуск программы.
2020-12-01 15:18:54.2152 [LK.Forms.GeneralForm..ctor] INFO Запуск программы.
2020-12-01 15:19:14.1769 [LK.Forms.GeneralForm..ctor] INFO Запуск программы.
2020-12-01 15:20:19.3539 [LK.Forms.GeneralForm..ctor] INFO Запуск программы.
2020-12-01 15:21:02.4548 [LK.Forms.GeneralForm..ctor] INFO Запуск программы.
2020-12-01 15:22:05.3285 [LK.Forms.GeneralForm..ctor] INFO Запуск программы.
2020-12-01 15:23:03.6415 [LK.Forms.GeneralForm..ctor] INFO Запуск программы.
2020-12-01 15:23:11.6367 [LK.Forms.GeneralForm..ctor] INFO Запуск программы.
2020-12-01 15:23:24.0448 [LK.Forms.GeneralForm..ctor] INFO Запуск программы.
2020-12-01 15:23:40.4857 [LK.Forms.GeneralForm..ctor] INFO Запуск программы.
2020-12-01 15:23:50.7818 [LK.Forms.GeneralForm..ctor] INFO Запуск программы.
2020-12-01 15:28:48.7004 [LK.Forms.GeneralForm..ctor] INFO Запуск программы.
2020-12-01 15:29:09.9013 [LK.Forms.GeneralForm..ctor] INFO Запуск программы.
2020-12-01 15:31:16.3999 [LK.Forms.GeneralForm..ctor] INFO Запуск программы.
2020-12-01 16:01:19.6669 [LK.Forms.GeneralForm..ctor] INFO Запуск программы.
2020-12-01 16:01:40.0040 [LK.Forms.GeneralForm..ctor] INFO Запуск программы.
2020-12-01 16:07:07.4404 [LK.Forms.GeneralForm..ctor] INFO Запуск программы.
2020-12-01 16:07:37.8275 [LK.Forms.GeneralForm..ctor] INFO Запуск программы.
2020-12-01 16:12:10.8058 [LK.Forms.GeneralForm..ctor] INFO Запуск программы.
2020-12-01 16:18:10.6381 [LK.Forms.GeneralForm..ctor] INFO Запуск программы.
2020-12-01 16:21:34.2255 [LK.Forms.GeneralForm..ctor] INFO Запуск программы.
2020-12-01 16:27:22.2095 [LK.Forms.GeneralForm..ctor] INFO Запуск программы.
2020-12-01 16:28:10.5981 [LK.Forms.GeneralForm..ctor] INFO Запуск программы.
2020-12-01 16:33:02.6721 [LK.Forms.GeneralForm..ctor] INFO Запуск программы.
2020-12-01 16:33:47.6677 [LK.Forms.GeneralForm..ctor] INFO Запуск программы.
2020-12-01 16:34:15.7570 [LK.Forms.GeneralForm..ctor] INFO Запуск программы.
2020-12-01 16:37:01.7384 [LK.Forms.GeneralForm..ctor] INFO Запуск программы.
2020-12-01 16:39:55.2786 [LK.Forms.GeneralForm..ctor] INFO Запуск программы.
2020-12-01 16:40:46.5480 [LK.Forms.GeneralForm..ctor] INFO Запуск программы.
2020-12-01 16:42:25.9579 [LK.Forms.GeneralForm..ctor] INFO Запуск программы.
2020-12-01 16:47:06.0940 [LK.Forms.GeneralForm..ctor] INFO Запуск программы.
2020-12-01 16:50:55.0057 [LK.Forms.GeneralForm..ctor] INFO Запуск программы.
2020-12-01 16:51:18.4107 [LK.Forms.GeneralForm..ctor] INFO Запуск программы.
2020-12-01 17:17:08.4747 [LK.Forms.GeneralForm..ctor] INFO Запуск программы.
2020-12-01 17:17:36.4539 [LK.Forms.GeneralForm..ctor] INFO Запуск программы.
2020-12-01 17:18:58.4766 [LK.Forms.GeneralForm..ctor] INFO Запуск программы.
2020-12-01 17:19:48.0345 [LK.Forms.GeneralForm..ctor] INFO Запуск программы.
2020-12-01 17:20:36.8316 [LK.Forms.GeneralForm..ctor] INFO Запуск программы.
2020-12-01 17:21:33.3444 [LK.Forms.GeneralForm..ctor] INFO Запуск программы.
2020-12-01 17:22:03.8417 [LK.Forms.GeneralForm..ctor] INFO Запуск программы.
2020-12-01 17:23:30.7626 [LK.Forms.GeneralForm..ctor] INFO Запуск программы.
2020-12-01 17:24:27.5572 [LK.Forms.GeneralForm..ctor] INFO Запуск программы.
2020-12-01 17:25:35.9470 [LK.Forms.GeneralForm..ctor] INFO Запуск программы.
2020-12-01 17:26:44.3209 [LK.Forms.GeneralForm..ctor] INFO Запуск программы.
2020-12-01 17:29:38.5048 [LK.Forms.GeneralForm..ctor] INFO Запуск программы.
2020-12-01 17:33:12.6253 [LK.Forms.GeneralForm..ctor] INFO Запуск программы.
2020-12-01 17:33:47.3295 [LK.Forms.GeneralForm..ctor] INFO Запуск программы.
2020-12-01 17:36:20.7892 [LK.Forms.GeneralForm..ctor] INFO Запуск программы.
2020-12-01 17:38:49.6144 [LK.Forms.GeneralForm..ctor] INFO Запуск программы.
2020-12-01 17:41:09.6188 [LK.Forms.GeneralForm..ctor] INFO Запуск программы.
2020-12-01 17:41:56.2493 [LK.Forms.GeneralForm..ctor] INFO Запуск программы.
2020-12-01 17:42:45.5202 [LK.Forms.GeneralForm..ctor] INFO Запуск программы.
2020-12-01 17:44:05.6348 [LK.Forms.GeneralForm..ctor] INFO Запуск программы.
2020-12-01 17:45:11.1434 [LK.Forms.GeneralForm..ctor] INFO Запуск программы.
2020-12-01 17:47:58.0658 [LK.Forms.GeneralForm..ctor] INFO Запуск программы.
2020-12-01 17:49:01.2733 [LK.Forms.GeneralForm..ctor] INFO Запуск программы.
2020-12-01 17:50:03.3041 [LK.Forms.GeneralForm..ctor] INFO Запуск программы.
2020-12-01 17:52:06.6474 [LK.Forms.GeneralForm..ctor] INFO Запуск программы.
2020-12-01 17:55:11.2089 [LK.Forms.GeneralForm..ctor] INFO Запуск программы.
2020-12-01 17:57:33.7616 [LK.Forms.GeneralForm..ctor] INFO Запуск программы.
2020-12-01 18:07:53.2105 [LK.Forms.GeneralForm..ctor] INFO Запуск программы.
2020-12-01 18:09:29.0411 [LK.Forms.GeneralForm..ctor] INFO Запуск программы.
2020-12-01 18:11:40.6097 [LK.Forms.GeneralForm..ctor] INFO Запуск программы.
2020-12-01 18:11:56.1210 [LK.Forms.GeneralForm..ctor] INFO Запуск программы.
2020-12-01 18:12:54.1203 [LK.Forms.GeneralForm..ctor] INFO Запуск программы.
2020-12-01 18:13:42.4625 [LK.Forms.GeneralForm..ctor] INFO Запуск программы.
2020-12-01 18:14:43.5836 [LK.Forms.GeneralForm..ctor] INFO Запуск программы.
2020-12-01 18:15:45.6270 [LK.Forms.GeneralForm..ctor] INFO Запуск программы.
2020-12-01 18:16:37.8431 [LK.Forms.GeneralForm..ctor] INFO Запуск программы.
2020-12-01 18:17:02.5652 [LK.Forms.GeneralForm..ctor] INFO Запуск программы.
2020-12-01 18:18:45.1132 [LK.Forms.GeneralForm..ctor] INFO Запуск программы.
2020-12-01 18:19:31.2347 [LK.Forms.GeneralForm..ctor] INFO Запуск программы.
2020-12-01 18:21:49.5200 [LK.Forms.GeneralForm..ctor] INFO Запуск программы.
2020-12-01 18:22:51.1208 [LK.Forms.GeneralForm..ctor] INFO Запуск программы.
2020-12-01 18:45:29.6367 [LK.Forms.GeneralForm..ctor] INFO Запуск программы.
2020-12-01 18:46:48.1727 [LK.Forms.GeneralForm..ctor] INFO Запуск программы.
2020-12-01 18:50:08.4333 [LK.Forms.GeneralForm..ctor] INFO Запуск программы.
2020-12-01 18:50:23.0624 [LK.Forms.GeneralForm..ctor] INFO Запуск программы.
2020-12-01 18:52:15.5260 [LK.Forms.GeneralForm..ctor] INFO Запуск программы.
2020-12-01 22:02:31.0809 [LK.Forms.GeneralForm..ctor] INFO Запуск программы.
2020-12-01 22:06:43.8198 [LK.Forms.GeneralForm..ctor] INFO Запуск программы.
2020-12-01 22:07:51.9486 [LK.Forms.GeneralForm..ctor] INFO Запуск программы.
2020-12-01 22:09:30.2510 [LK.Forms.GeneralForm..ctor] INFO Запуск программы.
2020-12-01 22:10:42.9209 [LK.Forms.GeneralForm..ctor] INFO Запуск программы.
2020-12-01 22:48:04.5722 [LK.Forms.GeneralForm..ctor] INFO Запуск программы.
2020-12-01 22:48:04.8101 [LK.Core.Database.GetMailCategories] ERROR no such table: MailCategory
2020-12-01 22:48:04.8101 [LK.Core.Database.GetMailTypes] ERROR no such table: MailCategory
2020-12-01 22:48:04.8101 [LK.Core.Database.GetFirms] ERROR no such table: MailCategory
2020-12-01 22:50:37.1691 [LK.Forms.GeneralForm..ctor] INFO Запуск программы.
2020-12-01 22:50:37.4430 [LK.Core.Database.GetMailTypes] ERROR no such table: MailCategory
2020-12-01 22:50:37.4430 [LK.Core.Database.GetFirms] ERROR no such table: Firm
2020-12-01 22:50:37.4430 [LK.Core.Database.GetMailCategories] ERROR no such table: MailCategory
2020-12-01 22:51:46.4419 [LK.Forms.GeneralForm..ctor] INFO Запуск программы.
2020-12-01 22:51:46.7039 [LK.Core.Database.GetFirms] ERROR no such table: MailCategory
2020-12-01 22:51:46.7189 [LK.Core.Database.GetMailCategories] ERROR no such table: MailCategory
2020-12-01 22:51:46.7459 [LK.Core.Database.GetMailTypes] ERROR no such table: MailCategory
2020-12-01 22:54:21.8107 [LK.Forms.GeneralForm..ctor] INFO Запуск программы.
2020-12-01 22:54:22.1865 [LK.Core.Database.GetMailCategories] ERROR no such table: MailCategory
2020-12-01 22:54:22.2105 [LK.Core.Database.GetFirms] ERROR no such table: Firm
2020-12-01 22:54:22.2395 [LK.Core.Database.GetMailTypes] ERROR no such table: MailType
2020-12-01 22:57:41.8793 [LK.Forms.GeneralForm..ctor] INFO Запуск программы.
2020-12-01 22:58:56.4112 [LK.Forms.GeneralForm..ctor] INFO Запуск программы.
2020-12-01 22:59:44.0933 [LK.Forms.GeneralForm..ctor] INFO Запуск программы.
2020-12-01 23:01:30.1422 [LK.Forms.GeneralForm..ctor] INFO Запуск программы.
2020-12-01 23:11:28.7938 [LK.Forms.GeneralForm..ctor] INFO Запуск программы.
2020-12-01 23:13:25.2870 [LK.Forms.GeneralForm..ctor] INFO Запуск программы.
2020-12-01 23:13:25.5560 [LK.Core.Database.GetMailCategories] ERROR no such table: MailCategory
2020-12-01 23:13:25.5560 [LK.Core.Database.GetMailTypes] ERROR no such table: MailType
2020-12-01 23:13:25.5799 [LK.Core.Database.GetFirms] ERROR no such table: Firm
2020-12-01 23:14:34.0316 [LK.Forms.GeneralForm..ctor] INFO Запуск программы.
2020-12-01 23:14:34.3301 [LK.Core.Database.GetMailCategories] ERROR no such table: MailCategory
2020-12-01 23:14:34.3591 [LK.Core.Database.GetFirms] ERROR no such table: Firm
2020-12-01 23:14:34.3591 [LK.Core.Database.GetMailTypes] ERROR no such table: Firm
2020-12-01 23:30:51.3697 [LK.Forms.GeneralForm..ctor] INFO Запуск программы.
2020-12-01 23:32:31.1397 [LK.Forms.GeneralForm..ctor] INFO Запуск программы.
2020-12-01 23:34:04.4412 [LK.Forms.GeneralForm..ctor] INFO Запуск программы.
2020-12-01 23:34:58.8709 [LK.Forms.GeneralForm..ctor] INFO Запуск программы.
2020-12-01 23:36:15.1387 [LK.Forms.GeneralForm..ctor] INFO Запуск программы.
2020-12-01 23:37:50.0578 [LK.Forms.GeneralForm..ctor] INFO Запуск программы.
2020-12-01 23:50:17.0802 [LK.Forms.GeneralForm..ctor] INFO Запуск программы.
2020-12-01 23:50:17.2962 [LK.Core.Database.GetMailTypes] ERROR no such table: MailType
2020-12-01 23:50:17.3572 [LK.Core.Database.GetEnabledMailTypes] ERROR no such table: Firm
2020-12-01 23:50:17.3572 [LK.Core.Database.GetMailCategories] ERROR no such table: MailCategory
2020-12-01 23:50:17.3682 [LK.Core.Database.GetEnabledMailCategories] ERROR no such table: MailCategory
2020-12-01 23:50:17.3682 [LK.Core.Database.GetFirms] ERROR no such table: MailCategory
2020-12-01 23:50:59.9992 [LK.Forms.GeneralForm..ctor] INFO Запуск программы.
