2020-12-05 12:58:58.8124 [LK.Forms.GeneralForm..ctor] INFO Запуск программы.
2020-12-05 13:00:17.9777 [LK.Forms.GeneralForm..ctor] INFO Запуск программы.
2020-12-05 13:03:02.1272 [LK.Forms.GeneralForm..ctor] INFO Запуск программы.
2020-12-05 13:03:02.8380 [LK.Core.Database.GetMailTypes] ERROR no such table: MailType
2020-12-05 13:03:02.8650 [LK.Core.Database.GetMailCategories] ERROR no such table: MailCategory
2020-12-05 13:03:02.9979 [LK.Core.Database.GetEnabledMailTypes] ERROR no such table: MailType
2020-12-05 13:03:02.9979 [LK.Core.Database.GetFirms] ERROR no such table: Firm
2020-12-05 13:03:03.0109 [LK.Core.Database.GetEnabledMailCategories] ERROR no such table: MailCategory
2020-12-05 13:51:45.0522 [LK.Forms.GeneralForm..ctor] INFO Запуск программы.
2020-12-05 13:52:12.9735 [LK.Forms.GeneralForm..ctor] INFO Запуск программы.
2020-12-05 13:53:58.0067 [LK.Forms.GeneralForm..ctor] INFO Запуск программы.
2020-12-05 13:53:58.9014 [LK.Core.Database.GetFirms] ERROR no such table: Firm
2020-12-05 13:53:58.9164 [LK.Core.Database.GetEnabledMailCategories] ERROR no such table: MailCategory
2020-12-05 13:53:58.9834 [LK.Core.Database.GetMailTypes] ERROR no such table: MailType
2020-12-05 13:53:58.9914 [LK.Core.Database.GetEnabledMailTypes] ERROR no such table: MailType
2020-12-05 13:53:59.0394 [LK.Core.Database.GetMailCategories] ERROR no such table: MailCategory
2020-12-05 14:01:16.1188 [LK.Forms.GeneralForm..ctor] INFO Запуск программы.
2020-12-05 14:04:47.0656 [LK.Forms.GeneralForm..ctor] INFO Запуск программы.
2020-12-05 14:08:05.5691 [LK.Forms.GeneralForm..ctor] INFO Запуск программы.
2020-12-05 14:08:21.9004 [LK.Forms.GeneralForm..ctor] INFO Запуск программы.
2020-12-05 14:08:44.0810 [LK.Forms.GeneralForm..ctor] INFO Запуск программы.
2020-12-05 14:09:03.5652 [LK.Forms.GeneralForm..ctor] INFO Запуск программы.
2020-12-05 14:18:02.1299 [LK.Forms.GeneralForm..ctor] INFO Запуск программы.
2020-12-05 14:18:53.4289 [LK.Forms.GeneralForm..ctor] INFO Запуск программы.
2020-12-05 14:19:40.5125 [LK.Forms.GeneralForm..ctor] INFO Запуск программы.
2020-12-05 14:19:51.2424 [LK.Forms.GeneralForm..ctor] INFO Запуск программы.
2020-12-05 14:19:57.4915 [LK.Forms.GeneralForm..ctor] INFO Запуск программы.
2020-12-05 14:20:15.9373 [LK.Forms.GeneralForm..ctor] INFO Запуск программы.
2020-12-05 14:20:31.7912 [LK.Forms.GeneralForm..ctor] INFO Запуск программы.
2020-12-05 14:20:38.9421 [LK.Forms.GeneralForm..ctor] INFO Запуск программы.
2020-12-05 14:21:16.9563 [LK.Forms.GeneralForm..ctor] INFO Запуск программы.
2020-12-05 14:21:58.6534 [LK.Forms.GeneralForm..ctor] INFO Запуск программы.
2020-12-05 14:22:50.0245 [LK.Forms.GeneralForm..ctor] INFO Запуск программы.
2020-12-05 14:23:34.2397 [LK.Forms.GeneralForm..ctor] INFO Запуск программы.
2020-12-05 14:24:03.0363 [LK.Forms.GeneralForm..ctor] INFO Запуск программы.
2020-12-05 14:24:42.2592 [LK.Forms.GeneralForm..ctor] INFO Запуск программы.
2020-12-05 14:24:51.5439 [LK.Forms.GeneralForm..ctor] INFO Запуск программы.
2020-12-05 14:30:23.6663 [LK.Forms.GeneralForm..ctor] INFO Запуск программы.
2020-12-05 14:30:47.9711 [LK.Forms.GeneralForm..ctor] INFO Запуск программы.
2020-12-05 14:31:34.6234 [LK.Forms.GeneralForm..ctor] INFO Запуск программы.
2020-12-05 14:31:57.8311 [LK.Forms.GeneralForm..ctor] INFO Запуск программы.
2020-12-05 14:33:08.3921 [LK.Forms.GeneralForm..ctor] INFO Запуск программы.
2020-12-05 14:33:26.8652 [LK.Forms.GeneralForm..ctor] INFO Запуск программы.
2020-12-05 14:35:15.5716 [LK.Forms.GeneralForm..ctor] INFO Запуск программы.
2020-12-05 14:42:14.8861 [LK.Forms.GeneralForm..ctor] INFO Запуск программы.
2020-12-05 14:42:36.5292 [LK.Forms.GeneralForm..ctor] INFO Запуск программы.
2020-12-05 14:43:18.4144 [LK.Forms.GeneralForm..ctor] INFO Запуск программы.
2020-12-05 14:44:18.2778 [LK.Forms.GeneralForm..ctor] INFO Запуск программы.
2020-12-05 14:44:59.2537 [LK.Forms.GeneralForm..ctor] INFO Запуск программы.
2020-12-05 14:46:07.5506 [LK.Forms.GeneralForm..ctor] INFO Запуск программы.
2020-12-05 14:48:08.8395 [LK.Forms.GeneralForm..ctor] INFO Запуск программы.
2020-12-05 14:49:06.0957 [LK.Forms.GeneralForm..ctor] INFO Запуск программы.
2020-12-05 14:50:39.3152 [LK.Forms.GeneralForm..ctor] INFO Запуск программы.
2020-12-05 14:53:30.7837 [LK.Forms.GeneralForm..ctor] INFO Запуск программы.
2020-12-05 14:54:18.8926 [LK.Forms.GeneralForm..ctor] INFO Запуск программы.
2020-12-05 16:02:04.0466 [LK.Forms.GeneralForm..ctor] INFO Запуск программы.
2020-12-05 16:25:41.9149 [LK.Forms.GeneralForm..ctor] INFO Запуск программы.
2020-12-05 16:25:43.0945 [LK.Core.Store.Database.GetMailTypes] ERROR no such table: MailType
2020-12-05 16:25:43.1145 [LK.Core.Store.Database.GetFirms] ERROR no such table: Firm
2020-12-05 16:25:43.1705 [LK.Core.Store.Database.GetEnabledMailTypes] ERROR no such table: MailType
2020-12-05 16:25:43.1875 [LK.Core.Store.Database.GetMailCategories] ERROR no such table: MailCategory
2020-12-05 16:25:43.2125 [LK.Core.Store.Database.GetEnabledMailCategories] ERROR no such table: MailCategory
2020-12-05 16:29:36.4492 [LK.Forms.GeneralForm..ctor] INFO Запуск программы.
2020-12-05 16:34:05.5020 [LK.Forms.GeneralForm..ctor] INFO Запуск программы.
2020-12-05 18:02:29.8133 [LK.Forms.GeneralForm..ctor] INFO Запуск программы.
2020-12-05 18:14:19.9581 [LK.Forms.GeneralForm..ctor] INFO Запуск программы.
2020-12-05 18:16:46.0675 [LK.Forms.GeneralForm..ctor] INFO Запуск программы.
2020-12-05 18:17:58.5442 [LK.Forms.GeneralForm..ctor] INFO Запуск программы.
2020-12-05 18:18:19.5566 [LK.Forms.SyncForm.ParseList] ERROR System.ArgumentNullException: Значение не может быть неопределенным.
Имя параметра: source
   в System.Linq.Enumerable.FirstOrDefault[TSource](IEnumerable`1 source, Func`2 predicate)
   в LK.Core.Store.Manager.FirmListManager.GetFirmList(Int32 firmId, Int32 num) в D:\CODE\C#\C# Sourse\WinForms\WcPostUtils\LK\Core\Store\Manager\FirmListManager.cs:строка 21
   в LK.Forms.SyncForm.ParseList(String link, Boolean xlsx) в D:\CODE\C#\C# Sourse\WinForms\WcPostUtils\LK\Forms\SyncForm.cs:строка 341
2020-12-05 18:18:55.7818 [LK.Forms.SyncForm.ParseList] ERROR System.ArgumentNullException: Значение не может быть неопределенным.
Имя параметра: source
   в System.Linq.Enumerable.FirstOrDefault[TSource](IEnumerable`1 source, Func`2 predicate)
   в LK.Core.Store.Manager.FirmListManager.GetFirmList(Int32 firmId, Int32 num) в D:\CODE\C#\C# Sourse\WinForms\WcPostUtils\LK\Core\Store\Manager\FirmListManager.cs:строка 21
   в LK.Forms.SyncForm.ParseList(String link, Boolean xlsx) в D:\CODE\C#\C# Sourse\WinForms\WcPostUtils\LK\Forms\SyncForm.cs:строка 341
2020-12-05 18:19:01.8586 [LK.Forms.SyncForm.ParseList] ERROR System.ArgumentNullException: Значение не может быть неопределенным.
Имя параметра: source
   в System.Linq.Enumerable.FirstOrDefault[TSource](IEnumerable`1 source, Func`2 predicate)
   в LK.Core.Store.Manager.FirmListManager.GetFirmList(Int32 firmId, Int32 num) в D:\CODE\C#\C# Sourse\WinForms\WcPostUtils\LK\Core\Store\Manager\FirmListManager.cs:строка 21
   в LK.Forms.SyncForm.ParseList(String link, Boolean xlsx) в D:\CODE\C#\C# Sourse\WinForms\WcPostUtils\LK\Forms\SyncForm.cs:строка 341
2020-12-05 18:19:38.1845 [LK.Forms.GeneralForm..ctor] INFO Запуск программы.
2020-12-05 18:19:41.0780 [LK.Forms.SyncForm.ParseList] ERROR System.ArgumentNullException: Значение не может быть неопределенным.
Имя параметра: source
   в System.Linq.Enumerable.FirstOrDefault[TSource](IEnumerable`1 source, Func`2 predicate)
   в LK.Core.Store.Manager.FirmListManager.GetFirmList(Int32 firmId, Int32 num) в D:\CODE\C#\C# Sourse\WinForms\WcPostUtils\LK\Core\Store\Manager\FirmListManager.cs:строка 21
   в LK.Forms.SyncForm.ParseList(String link, Boolean xlsx) в D:\CODE\C#\C# Sourse\WinForms\WcPostUtils\LK\Forms\SyncForm.cs:строка 341
2020-12-05 18:21:16.1542 [LK.Forms.GeneralForm..ctor] INFO Запуск программы.
2020-12-05 18:21:16.9060 [LK.Core.Store.Database.GetMailTypes] ERROR no such table: MailType
2020-12-05 18:21:16.9559 [LK.Core.Store.Database.GetMailCategories] ERROR no such table: MailCategory
2020-12-05 18:21:17.0219 [LK.Core.Store.Database.GetEnabledMailTypes] ERROR no such table: MailType
2020-12-05 18:21:17.0789 [LK.Core.Store.Database.GetEnabledMailCategories] ERROR no such table: MailCategory
2020-12-05 18:21:17.0789 [LK.Core.Store.Database.GetFirms] ERROR no such table: Firm
2020-12-05 18:21:24.9194 [LK.Forms.SyncForm.ParseList] ERROR System.ArgumentNullException: Значение не может быть неопределенным.
Имя параметра: source
   в System.Linq.Enumerable.FirstOrDefault[TSource](IEnumerable`1 source, Func`2 predicate)
   в LK.Core.Store.Manager.FirmListManager.GetFirmList(Int32 firmId, Int32 num) в D:\CODE\C#\C# Sourse\WinForms\WcPostUtils\LK\Core\Store\Manager\FirmListManager.cs:строка 21
   в LK.Forms.SyncForm.ParseList(String link, Boolean xlsx) в D:\CODE\C#\C# Sourse\WinForms\WcPostUtils\LK\Forms\SyncForm.cs:строка 341
2020-12-05 18:21:29.8995 [LK.Forms.SyncForm.ParseList] ERROR System.ArgumentNullException: Значение не может быть неопределенным.
Имя параметра: source
   в System.Linq.Enumerable.FirstOrDefault[TSource](IEnumerable`1 source, Func`2 predicate)
   в LK.Core.Store.Manager.FirmListManager.GetFirmList(Int32 firmId, Int32 num) в D:\CODE\C#\C# Sourse\WinForms\WcPostUtils\LK\Core\Store\Manager\FirmListManager.cs:строка 21
   в LK.Forms.SyncForm.ParseList(String link, Boolean xlsx) в D:\CODE\C#\C# Sourse\WinForms\WcPostUtils\LK\Forms\SyncForm.cs:строка 341
2020-12-05 18:21:32.0560 [LK.Forms.SyncForm.ParseList] ERROR System.ArgumentNullException: Значение не может быть неопределенным.
Имя параметра: source
   в System.Linq.Enumerable.FirstOrDefault[TSource](IEnumerable`1 source, Func`2 predicate)
   в LK.Core.Store.Manager.FirmListManager.GetFirmList(Int32 firmId, Int32 num) в D:\CODE\C#\C# Sourse\WinForms\WcPostUtils\LK\Core\Store\Manager\FirmListManager.cs:строка 21
   в LK.Forms.SyncForm.ParseList(String link, Boolean xlsx) в D:\CODE\C#\C# Sourse\WinForms\WcPostUtils\LK\Forms\SyncForm.cs:строка 341
2020-12-05 18:22:34.5246 [LK.Forms.GeneralForm..ctor] INFO Запуск программы.
2020-12-05 18:23:54.6183 [LK.Forms.GeneralForm..ctor] INFO Запуск программы.
2020-12-05 18:23:59.3297 [LK.Forms.SyncForm.ParseList] ERROR System.ArgumentNullException: Значение не может быть неопределенным.
Имя параметра: source
   в System.Linq.Enumerable.FirstOrDefault[TSource](IEnumerable`1 source, Func`2 predicate)
   в LK.Core.Store.Manager.FirmListManager.GetFirmList(Int32 firmId, Int32 num) в D:\CODE\C#\C# Sourse\WinForms\WcPostUtils\LK\Core\Store\Manager\FirmListManager.cs:строка 21
   в LK.Forms.SyncForm.ParseList(String link, Boolean xlsx) в D:\CODE\C#\C# Sourse\WinForms\WcPostUtils\LK\Forms\SyncForm.cs:строка 341
2020-12-05 18:24:29.2212 [LK.Forms.GeneralForm..ctor] INFO Запуск программы.
2020-12-05 18:25:54.2650 [LK.Forms.GeneralForm..ctor] INFO Запуск программы.
2020-12-05 18:28:21.2323 [LK.Forms.GeneralForm..ctor] INFO Запуск программы.
2020-12-05 18:28:39.3800 [LK.Forms.GeneralForm..ctor] INFO Запуск программы.
2020-12-05 18:29:38.8151 [LK.Forms.GeneralForm..ctor] INFO Запуск программы.
2020-12-05 18:30:58.3511 [LK.Forms.GeneralForm..ctor] INFO Запуск программы.
2020-12-05 18:32:41.1954 [LK.Forms.GeneralForm..ctor] INFO Запуск программы.
2020-12-05 18:33:14.5271 [LK.Forms.GeneralForm..ctor] INFO Запуск программы.
2020-12-05 18:33:38.4844 [LK.Forms.GeneralForm..ctor] INFO Запуск программы.
2020-12-05 18:36:33.6776 [LK.Forms.GeneralForm..ctor] INFO Запуск программы.
2020-12-05 18:39:19.3052 [LK.Forms.GeneralForm..ctor] INFO Запуск программы.
2020-12-05 18:39:20.2680 [LK.Core.Store.Database.GetMailTypes] ERROR no such table: MailType
2020-12-05 18:39:20.2650 [LK.Core.Store.Database.GetEnabledMailTypes] ERROR no such table: MailType
2020-12-05 18:39:20.3200 [LK.Core.Store.Database.GetEnabledMailCategories] ERROR no such table: MailCategory
2020-12-05 18:39:20.3500 [LK.Core.Store.Database.GetFirms] ERROR no such table: Firm
2020-12-05 18:39:20.3820 [LK.Core.Store.Database.GetMailCategories] ERROR no such table: MailCategory
2020-12-05 18:39:49.3004 [LK.Forms.GeneralForm..ctor] INFO Запуск программы.
2020-12-05 18:39:50.1781 [LK.Core.Store.Database.GetMailTypes] ERROR no such table: MailType
2020-12-05 18:39:50.1781 [LK.Core.Store.Database.GetEnabledMailCategories] ERROR no such table: MailCategory
2020-12-05 18:39:50.2302 [LK.Core.Store.Database.GetEnabledMailTypes] ERROR no such table: MailType
2020-12-05 18:39:50.2302 [LK.Core.Store.Database.GetFirms] ERROR no such table: Firm
2020-12-05 18:39:50.2982 [LK.Core.Store.Database.GetMailCategories] ERROR no such table: MailCategory
2020-12-05 18:41:24.5496 [LK.Forms.GeneralForm..ctor] INFO Запуск программы.
2020-12-05 18:41:26.1525 [LK.Core.Store.Database.GetEnabledMailTypes] ERROR no such table: MailType
2020-12-05 18:41:26.1525 [LK.Core.Store.Database.GetFirms] ERROR no such table: Firm
2020-12-05 18:41:26.1525 [LK.Core.Store.Database.GetMailTypes] ERROR no such table: MailType
2020-12-05 18:41:26.1785 [LK.Core.Store.Database.GetMailCategories] ERROR no such table: MailCategory
2020-12-05 18:41:26.1525 [LK.Core.Store.Database.GetEnabledMailCategories] ERROR no such table: MailCategory
2020-12-05 18:43:15.9813 [LK.Forms.GeneralForm..ctor] INFO Запуск программы.
2020-12-05 18:44:20.9679 [LK.Forms.GeneralForm..ctor] INFO Запуск программы.
2020-12-05 18:48:11.8912 [LK.Forms.GeneralForm..ctor] INFO Запуск программы.
2020-12-05 18:49:33.8888 [LK.Forms.GeneralForm..ctor] INFO Запуск программы.
2020-12-05 18:50:26.5672 [LK.Forms.GeneralForm..ctor] INFO Запуск программы.
2020-12-05 19:42:17.9880 [LK.Forms.GeneralForm..ctor] INFO Запуск программы.
2020-12-05 19:50:04.2069 [LK.Forms.GeneralForm..ctor] INFO Запуск программы.
2020-12-05 19:50:45.0638 [LK.Forms.GeneralForm..ctor] INFO Запуск программы.
2020-12-05 19:53:19.0064 [LK.Forms.GeneralForm..ctor] INFO Запуск программы.
2020-12-05 19:53:27.3365 [LK.Forms.SyncForm.Work] ERROR Ошибка доступа к файлу с отчетом
2020-12-05 20:02:08.3809 [LK.Forms.GeneralForm..ctor] INFO Запуск программы.
2020-12-05 20:04:36.0000 [LK.Forms.GeneralForm..ctor] INFO Запуск программы.
2020-12-05 20:06:48.4066 [LK.Forms.GeneralForm..ctor] INFO Запуск программы.
2020-12-05 20:07:24.8068 [LK.Forms.GeneralForm..ctor] INFO Запуск программы.
2020-12-05 20:07:25.7999 [LK.Core.Store.Database.GetEnabledMailTypes] ERROR no such table: MailType
2020-12-05 20:07:25.7999 [LK.Core.Store.Database.GetEnabledMailCategories] ERROR no such table: MailCategory
2020-12-05 20:07:25.8629 [LK.Core.Store.Database.GetMailTypes] ERROR no such table: MailType
2020-12-05 20:07:25.8629 [LK.Core.Store.Database.GetMailCategories] ERROR no such table: MailCategory
2020-12-05 20:07:25.8909 [LK.Core.Store.Database.GetFirms] ERROR no such table: Firm
2020-12-05 20:08:49.8485 [LK.Core.Store.Database.GetFirms] ERROR no such table: Firm
2020-12-05 20:08:49.8945 [LK.Forms.SyncForm.ParseList] ERROR SQLite.SQLiteException: no such table: Firm
   в SQLite.SQLite3.Prepare2(sqlite3 db, String query) в /Users/vagrant/git/src/SQLite.cs:строка 3546
   в SQLite.PreparedSqlLiteInsertCommand.Prepare() в /Users/vagrant/git/src/SQLite.cs:строка 2674
   в SQLite.PreparedSqlLiteInsertCommand.ExecuteNonQuery(Object[] source) в /Users/vagrant/git/src/SQLite.cs:строка 2643
   в SQLite.SQLiteConnection.Insert(Object obj, String extra, Type objType) в /Users/vagrant/git/src/SQLite.cs:строка 1415
   в SQLite.SQLiteConnection.Insert(Object obj) в /Users/vagrant/git/src/SQLite.cs:строка 1278
   в LK.Core.Store.Manager.FirmManager.GetOrCreateFirm(String inn, String kpp, String name, String contract) в D:\CODE\C#\C# Sourse\WinForms\WcPostUtils\LK\Core\Store\Manager\FirmManager.cs:строка 30
   в LK.Forms.SyncForm.ParseList(String link, Boolean xlsx) в D:\CODE\C#\C# Sourse\WinForms\WcPostUtils\LK\Forms\SyncForm.cs:строка 332
2020-12-05 20:08:58.3936 [LK.Forms.GeneralForm..ctor] INFO Запуск программы.
2020-12-05 20:08:59.2920 [LK.Core.Store.Database.GetMailTypes] ERROR no such table: MailType
2020-12-05 20:08:59.3030 [LK.Core.Store.Database.GetFirms] ERROR no such table: Firm
2020-12-05 20:08:59.3030 [LK.Core.Store.Database.GetEnabledMailTypes] ERROR no such table: MailType
2020-12-05 20:08:59.3659 [LK.Core.Store.Database.GetEnabledMailCategories] ERROR no such table: MailCategory
2020-12-05 20:08:59.4009 [LK.Core.Store.Database.GetMailCategories] ERROR no such table: MailCategory
2020-12-05 20:09:17.6144 [LK.Forms.GeneralForm..ctor] INFO Запуск программы.
2020-12-05 20:11:46.3357 [LK.Forms.GeneralForm..ctor] INFO Запуск программы.
2020-12-05 20:12:05.6992 [LK.Forms.GeneralForm..ctor] INFO Запуск программы.
2020-12-05 20:14:38.8181 [LK.Forms.GeneralForm..ctor] INFO Запуск программы.
2020-12-05 20:15:47.5370 [LK.Forms.GeneralForm..ctor] INFO Запуск программы.
2020-12-05 20:15:48.2478 [LK.Core.Store.Database.GetEnabledMailTypes] ERROR Could not open database file: D:\CODE\C#\C# Sourse\WinForms\WcPostUtils\LK\bin\Debug\DATA\database.db (Misuse)
2020-12-05 20:15:48.2928 [LK.Core.Store.Database.GetEnabledMailCategories] ERROR Could not open database file: D:\CODE\C#\C# Sourse\WinForms\WcPostUtils\LK\bin\Debug\DATA\database.db (Misuse)
2020-12-05 20:15:48.3398 [LK.Core.Store.Database.GetMailCategories] ERROR Could not open database file: D:\CODE\C#\C# Sourse\WinForms\WcPostUtils\LK\bin\Debug\DATA\database.db (Misuse)
2020-12-05 20:15:48.3398 [LK.Core.Store.Database.GetFirms] ERROR Could not open database file: D:\CODE\C#\C# Sourse\WinForms\WcPostUtils\LK\bin\Debug\DATA\database.db (Misuse)
2020-12-05 20:15:48.3918 [LK.Core.Store.Database.GetMailTypes] ERROR Could not open database file: D:\CODE\C#\C# Sourse\WinForms\WcPostUtils\LK\bin\Debug\DATA\database.db (Misuse)
2020-12-05 20:16:24.4020 [LK.Forms.GeneralForm..ctor] INFO Запуск программы.
2020-12-05 20:16:25.1967 [LK.Core.Store.Database.GetEnabledMailCategories] ERROR Could not open database file: D:\CODE\C#\C# Sourse\WinForms\WcPostUtils\LK\bin\Debug\DATA\database.db (Misuse)
2020-12-05 20:16:25.2147 [LK.Core.Store.Database.GetFirms] ERROR Could not open database file: D:\CODE\C#\C# Sourse\WinForms\WcPostUtils\LK\bin\Debug\DATA\database.db (Misuse)
2020-12-05 20:16:25.2357 [LK.Core.Store.Database.GetMailCategories] ERROR Could not open database file: D:\CODE\C#\C# Sourse\WinForms\WcPostUtils\LK\bin\Debug\DATA\database.db (Misuse)
2020-12-05 20:16:25.2357 [LK.Core.Store.Database.GetEnabledMailTypes] ERROR Could not open database file: D:\CODE\C#\C# Sourse\WinForms\WcPostUtils\LK\bin\Debug\DATA\database.db (Misuse)
2020-12-05 20:16:25.2357 [LK.Core.Store.Database.GetMailTypes] ERROR Could not open database file: D:\CODE\C#\C# Sourse\WinForms\WcPostUtils\LK\bin\Debug\DATA\database.db (Misuse)
2020-12-05 20:30:26.1986 [LK.Forms.GeneralForm..ctor] INFO Запуск программы.
2020-12-05 21:31:09.9333 [LK.Forms.GeneralForm..ctor] INFO Запуск программы.
2020-12-05 21:33:55.9866 [LK.Forms.GeneralForm..ctor] INFO Запуск программы.
2020-12-05 21:34:35.1027 [LK.Forms.GeneralForm..ctor] INFO Запуск программы.
2020-12-05 21:35:24.1955 [LK.Forms.GeneralForm..ctor] INFO Запуск программы.
2020-12-05 22:00:51.4322 [LK.Forms.GeneralForm..ctor] INFO Запуск программы.
2020-12-05 22:03:59.7488 [LK.Forms.GeneralForm..ctor] INFO Запуск программы.
2020-12-05 22:05:01.4698 [LK.Forms.GeneralForm..ctor] INFO Запуск программы.
2020-12-05 22:06:20.3561 [LK.Forms.GeneralForm..ctor] INFO Запуск программы.
2020-12-05 22:06:54.4483 [LK.Forms.GeneralForm..ctor] INFO Запуск программы.
2020-12-05 22:44:02.1242 [LK.Forms.GeneralForm..ctor] INFO Запуск программы.
2020-12-05 22:44:03.2212 [LK.Core.Store.Database.GetEnabledMailTypes] ERROR no such table: MailType
2020-12-05 22:44:03.2212 [LK.Core.Store.Database.GetMailTypes] ERROR no such table: MailType
2020-12-05 22:44:03.2212 [LK.Core.Store.Database.GetEnabledMailCategories] ERROR no such table: MailCategory
2020-12-05 22:44:03.2712 [LK.Core.Store.Database.GetMailCategories] ERROR no such table: MailCategory
2020-12-05 22:44:03.2372 [LK.Core.Store.Database.GetFirms] ERROR no such table: Firm
2020-12-05 22:48:22.5109 [LK.Forms.GeneralForm..ctor] INFO Запуск программы.
2020-12-05 22:48:23.1097 [LK.Core.Store.Database.GetMailTypes] ERROR no such table: MailType
2020-12-05 22:48:23.1097 [LK.Core.Store.Database.GetEnabledMailTypes] ERROR no such table: MailType
2020-12-05 22:48:23.1097 [LK.Core.Store.Database.GetEnabledMailCategories] ERROR no such table: MailCategory
2020-12-05 22:48:23.1897 [LK.Core.Store.Database.GetMailCategories] ERROR no such table: MailCategory
2020-12-05 22:48:23.1097 [LK.Core.Store.Database.GetFirms] ERROR no such table: Firm
2020-12-05 22:49:22.5252 [LK.Forms.GeneralForm..ctor] INFO Запуск программы.
2020-12-05 22:49:37.9664 [LK.Forms.GeneralForm..ctor] INFO Запуск программы.
2020-12-05 22:50:07.7309 [LK.Forms.GeneralForm..ctor] INFO Запуск программы.
2020-12-05 22:50:08.5736 [LK.Core.Store.Database.GetFirms] ERROR no such table: Firm
2020-12-05 22:51:28.2865 [LK.Forms.GeneralForm..ctor] INFO Запуск программы.
2020-12-05 22:51:28.5674 [LK.Core.Store.Database.GetFirms] ERROR no such table: Firm
2020-12-05 22:53:54.9940 [LK.Forms.GeneralForm..ctor] INFO Запуск программы.
2020-12-05 22:58:01.0718 [LK.Forms.GeneralForm..ctor] INFO Запуск программы.
2020-12-05 22:58:19.9279 [LK.Forms.GeneralForm..ctor] INFO Запуск программы.
2020-12-05 22:58:55.1861 [LK.Forms.GeneralForm..ctor] INFO Запуск программы.
2020-12-05 23:04:12.3506 [LK.Forms.GeneralForm..ctor] INFO Запуск программы.
2020-12-05 23:04:32.4349 [LK.Forms.GeneralForm..ctor] INFO Запуск программы.
2020-12-05 23:05:19.8191 [LK.Forms.GeneralForm..ctor] INFO Запуск программы.
2020-12-05 23:05:39.9021 [LK.Forms.GeneralForm..ctor] INFO Запуск программы.
2020-12-05 23:05:52.3113 [LK.Forms.GeneralForm..ctor] INFO Запуск программы.
2020-12-05 23:07:25.3690 [LK.Forms.GeneralForm..ctor] INFO Запуск программы.
2020-12-05 23:08:10.4581 [LK.Forms.GeneralForm..ctor] INFO Запуск программы.
2020-12-05 23:08:21.4988 [LK.Forms.GeneralForm..ctor] INFO Запуск программы.
2020-12-05 23:08:40.1374 [LK.Forms.GeneralForm..ctor] INFO Запуск программы.
2020-12-05 23:09:26.7182 [LK.Forms.GeneralForm..ctor] INFO Запуск программы.
2020-12-05 23:09:40.0423 [LK.Forms.GeneralForm..ctor] INFO Запуск программы.
2020-12-05 23:12:03.9012 [LK.Forms.GeneralForm..ctor] INFO Запуск программы.
2020-12-05 23:14:23.1753 [LK.Forms.GeneralForm..ctor] INFO Запуск программы.
2020-12-05 23:16:01.2593 [LK.Forms.GeneralForm..ctor] INFO Запуск программы.
2020-12-05 23:17:23.9489 [LK.Forms.GeneralForm..ctor] INFO Запуск программы.
2020-12-05 23:17:37.3530 [LK.Forms.GeneralForm..ctor] INFO Запуск программы.
2020-12-05 23:19:45.8085 [LK.Forms.GeneralForm..ctor] INFO Запуск программы.
2020-12-05 23:20:21.5874 [LK.Forms.GeneralForm..ctor] INFO Запуск программы.
2020-12-05 23:21:23.3630 [LK.Forms.GeneralForm..ctor] INFO Запуск программы.
2020-12-05 23:23:21.2295 [LK.Forms.GeneralForm..ctor] INFO Запуск программы.
2020-12-05 23:24:14.6927 [LK.Forms.GeneralForm..ctor] INFO Запуск программы.
2020-12-05 23:26:51.5460 [LK.Forms.GeneralForm..ctor] INFO Запуск программы.
2020-12-05 23:29:21.7657 [LK.Forms.GeneralForm..ctor] INFO Запуск программы.
2020-12-05 23:31:18.2713 [LK.Forms.GeneralForm..ctor] INFO Запуск программы.
2020-12-05 23:32:17.2561 [LK.Forms.GeneralForm..ctor] INFO Запуск программы.
2020-12-05 23:34:31.4470 [LK.Forms.GeneralForm..ctor] INFO Запуск программы.
2020-12-05 23:36:58.3223 [LK.Forms.GeneralForm..ctor] INFO Запуск программы.
2020-12-05 23:37:58.2159 [LK.Forms.GeneralForm..ctor] INFO Запуск программы.
2020-12-05 23:39:29.1421 [LK.Forms.GeneralForm..ctor] INFO Запуск программы.
2020-12-05 23:39:46.0090 [LK.Forms.GeneralForm..ctor] INFO Запуск программы.
2020-12-05 23:40:22.0354 [LK.Forms.GeneralForm..ctor] INFO Запуск программы.
2020-12-05 23:41:08.5165 [LK.Forms.GeneralForm..ctor] INFO Запуск программы.
2020-12-05 23:41:30.9332 [LK.Forms.GeneralForm..ctor] INFO Запуск программы.
2020-12-05 23:42:11.5529 [LK.Forms.GeneralForm..ctor] INFO Запуск программы.
2020-12-05 23:43:22.0019 [LK.Forms.GeneralForm..ctor] INFO Запуск программы.
2020-12-05 23:44:50.6366 [LK.Forms.GeneralForm..ctor] INFO Запуск программы.
2020-12-05 23:45:14.5083 [LK.Forms.GeneralForm..ctor] INFO Запуск программы.
2020-12-05 23:45:57.2481 [LK.Forms.GeneralForm..ctor] INFO Запуск программы.
2020-12-05 23:46:25.7550 [LK.Forms.GeneralForm..ctor] INFO Запуск программы.
2020-12-05 23:48:42.7827 [LK.Forms.GeneralForm..ctor] INFO Запуск программы.
2020-12-05 23:48:55.3110 [LK.Forms.GeneralForm..ctor] INFO Запуск программы.
2020-12-05 23:49:06.9167 [LK.Forms.GeneralForm..ctor] INFO Запуск программы.
2020-12-05 23:49:24.6499 [LK.Forms.GeneralForm..ctor] INFO Запуск программы.
2020-12-05 23:50:07.7146 [LK.Forms.GeneralForm..ctor] INFO Запуск программы.
2020-12-05 23:50:08.1630 [LK.Forms.GeneralForm.CheckArgs] ERROR System.FormatException: Строка не распознана как действительное значение DateTime.
   в System.DateTimeParse.Parse(String s, DateTimeFormatInfo dtfi, DateTimeStyles styles)
   в System.DateTime.Parse(String s)
   в LK.Forms.GeneralForm.CheckArgs() в D:\CODE\C#\C# Sourse\WinForms\WcPostUtils\LK\Forms\GeneralForm.cs:строка 229
2020-12-05 23:50:43.8718 [LK.Forms.GeneralForm..ctor] INFO Запуск программы.
2020-12-05 23:52:13.2281 [LK.Forms.GeneralForm..ctor] INFO Запуск программы.
2020-12-05 23:52:29.3524 [LK.Forms.GeneralForm..ctor] INFO Запуск программы.
2020-12-05 23:52:37.9688 [LK.Forms.GeneralForm..ctor] INFO Запуск программы.
2020-12-05 23:54:35.1334 [LK.Forms.GeneralForm..ctor] INFO Запуск программы.
2020-12-05 23:57:14.8941 [LK.Forms.GeneralForm..ctor] INFO Запуск программы.
2020-12-05 23:57:43.9755 [LK.Forms.GeneralForm..ctor] INFO Запуск программы.
2020-12-05 23:58:07.2685 [LK.Forms.GeneralForm..ctor] INFO Запуск программы.
2020-12-05 23:58:27.2705 [LK.Forms.GeneralForm..ctor] INFO Запуск программы.
2020-12-05 23:58:51.9467 [LK.Forms.GeneralForm..ctor] INFO Запуск программы.
