2020-12-06 00:00:23.3088 [LK.Forms.GeneralForm..ctor] INFO Запуск программы.
2020-12-06 00:00:29.6713 [LK.Forms.GeneralForm..ctor] INFO Запуск программы.
2020-12-06 00:01:09.5872 [LK.Forms.GeneralForm..ctor] INFO Запуск программы.
2020-12-06 00:01:15.9746 [LK.Forms.GeneralForm..ctor] INFO Запуск программы.
2020-12-06 00:02:39.0333 [LK.Forms.GeneralForm..ctor] INFO Запуск программы.
2020-12-06 00:02:44.3344 [LK.Forms.GeneralForm..ctor] INFO Запуск программы.
2020-12-06 00:03:13.7011 [LK.Forms.GeneralForm..ctor] INFO Запуск программы.
2020-12-06 00:03:19.0527 [LK.Forms.GeneralForm..ctor] INFO Запуск программы.
2020-12-06 00:03:41.3591 [LK.Forms.GeneralForm..ctor] INFO Запуск программы.
2020-12-06 00:03:46.7293 [LK.Forms.GeneralForm..ctor] INFO Запуск программы.
2020-12-06 00:04:29.2225 [LK.Forms.GeneralForm..ctor] INFO Запуск программы.
2020-12-06 00:05:12.9571 [LK.Forms.GeneralForm..ctor] INFO Запуск программы.
2020-12-06 00:05:17.2365 [LK.Forms.GeneralForm..ctor] INFO Запуск программы.
2020-12-06 00:06:22.1213 [LK.Forms.GeneralForm..ctor] INFO Запуск программы.
2020-12-06 00:06:28.1514 [LK.Forms.GeneralForm..ctor] INFO Запуск программы.
2020-12-06 00:06:41.2692 [LK.Forms.GeneralForm..ctor] INFO Запуск программы.
2020-12-06 00:06:45.9873 [LK.Forms.GeneralForm..ctor] INFO Запуск программы.
2020-12-06 00:07:43.8276 [LK.Forms.GeneralForm..ctor] INFO Запуск программы.
2020-12-06 00:07:50.4118 [LK.Forms.GeneralForm..ctor] INFO Запуск программы.
2020-12-06 00:09:34.7505 [LK.Forms.GeneralForm..ctor] INFO Запуск программы.
2020-12-06 00:10:03.3631 [LK.Forms.GeneralForm..ctor] INFO Запуск программы.
2020-12-06 00:10:13.1035 [LK.Forms.GeneralForm..ctor] INFO Запуск программы.
2020-12-06 00:10:57.4187 [LK.Forms.GeneralForm..ctor] INFO Запуск программы.
2020-12-06 00:11:26.1906 [LK.Forms.GeneralForm..ctor] INFO Запуск программы.
2020-12-06 00:11:31.2699 [LK.Forms.GeneralForm..ctor] INFO Запуск программы.
2020-12-06 00:11:37.1841 [LK.Forms.GeneralForm..ctor] INFO Запуск программы.
2020-12-06 00:13:12.5569 [LK.Forms.GeneralForm..ctor] INFO Запуск программы.
2020-12-06 00:13:27.5279 [LK.Forms.GeneralForm..ctor] INFO Запуск программы.
2020-12-06 00:14:30.8751 [LK.Forms.GeneralForm..ctor] INFO Запуск программы.
2020-12-06 00:14:41.6892 [LK.Forms.GeneralForm..ctor] INFO Запуск программы.
2020-12-06 00:14:50.3389 [LK.Forms.GeneralForm..ctor] INFO Запуск программы.
2020-12-06 00:15:43.3577 [LK.Forms.GeneralForm..ctor] INFO Запуск программы.
2020-12-06 00:15:50.0461 [LK.Forms.GeneralForm..ctor] INFO Запуск программы.
2020-12-06 00:17:27.1442 [LK.Forms.GeneralForm..ctor] INFO Запуск программы.
2020-12-06 00:17:35.5991 [LK.Forms.GeneralForm..ctor] INFO Запуск программы.
2020-12-06 00:17:41.6032 [LK.Forms.GeneralForm..ctor] INFO Запуск программы.
2020-12-06 00:17:45.4362 [LK.Forms.GeneralForm..ctor] INFO Запуск программы.
2020-12-06 00:18:19.0571 [LK.Forms.GeneralForm..ctor] INFO Запуск программы.
2020-12-06 00:18:19.1630 [LK.Core.Store.Database.GetMailTypes] ERROR no such table: MailType
2020-12-06 00:18:19.1630 [LK.Core.Store.Database.GetEnabledMailTypes] ERROR no such table: MailType
2020-12-06 00:18:19.1800 [LK.Core.Store.Database.GetMailCategories] ERROR no such table: MailCategory
2020-12-06 00:18:19.1630 [LK.Core.Store.Database.GetFirms] ERROR no such table: Firm
2020-12-06 00:18:19.1630 [LK.Core.Store.Database.GetEnabledMailCategories] ERROR no such table: MailCategory
2020-12-06 00:18:48.6680 [LK.Forms.GeneralForm..ctor] INFO Запуск программы.
2020-12-06 00:18:48.7770 [LK.Core.Store.Database.GetEnabledMailCategories] ERROR no such table: MailCategory
2020-12-06 00:18:48.7830 [LK.Core.Store.Database.GetEnabledMailTypes] ERROR no such table: MailType
2020-12-06 00:18:48.7830 [LK.Core.Store.Database.GetFirms] ERROR no such table: Firm
2020-12-06 00:18:48.7830 [LK.Core.Store.Database.GetMailTypes] ERROR no such table: MailType
2020-12-06 00:18:48.7980 [LK.Core.Store.Database.GetMailCategories] ERROR no such table: MailCategory
2020-12-06 00:20:22.7156 [LK.Forms.GeneralForm..ctor] INFO Запуск программы.
2020-12-06 00:20:23.1824 [LK.Core.Store.Database.GetMailTypes] ERROR no such table: MailType
2020-12-06 00:20:23.2204 [LK.Core.Store.Database.GetMailCategories] ERROR no such table: MailCategory
2020-12-06 00:20:23.2434 [LK.Core.Store.Database.GetEnabledMailCategories] ERROR no such table: MailCategory
2020-12-06 00:20:23.2744 [LK.Core.Store.Database.GetFirms] ERROR no such table: Firm
2020-12-06 00:20:23.2924 [LK.Core.Store.Database.GetEnabledMailTypes] ERROR no such table: MailType
2020-12-06 00:20:55.9683 [LK.Forms.GeneralForm..ctor] INFO Запуск программы.
2020-12-06 00:22:05.8860 [LK.Forms.GeneralForm..ctor] INFO Запуск программы.
2020-12-06 00:22:15.1896 [LK.Forms.GeneralForm..ctor] INFO Запуск программы.
2020-12-06 00:22:21.4916 [LK.Forms.GeneralForm..ctor] INFO Запуск программы.
2020-12-06 00:23:37.1065 [LK.Forms.GeneralForm..ctor] INFO Запуск программы.
2020-12-06 00:23:42.4922 [LK.Forms.GeneralForm..ctor] INFO Запуск программы.
2020-12-06 00:23:54.4633 [LK.Forms.GeneralForm..ctor] INFO Запуск программы.
2020-12-06 00:24:41.3690 [LK.Forms.GeneralForm..ctor] INFO Запуск программы.
2020-12-06 00:25:00.3071 [LK.Forms.GeneralForm..ctor] INFO Запуск программы.
2020-12-06 00:25:21.1430 [LK.Forms.GeneralForm..ctor] INFO Запуск программы.
2020-12-06 00:27:03.9839 [LK.Forms.GeneralForm..ctor] INFO Запуск программы.
2020-12-06 00:27:09.5002 [LK.Forms.GeneralForm..ctor] INFO Запуск программы.
2020-12-06 00:28:07.4847 [LK.Forms.GeneralForm..ctor] INFO Запуск программы.
2020-12-06 00:28:14.1072 [LK.Forms.GeneralForm..ctor] INFO Запуск программы.
2020-12-06 00:28:19.9616 [LK.Forms.GeneralForm..ctor] INFO Запуск программы.
2020-12-06 00:29:00.5425 [LK.Forms.GeneralForm..ctor] INFO Запуск программы.
2020-12-06 00:29:06.4764 [LK.Forms.GeneralForm..ctor] INFO Запуск программы.
2020-12-06 00:29:10.4202 [LK.Forms.GeneralForm..ctor] INFO Запуск программы.
2020-12-06 00:29:14.8662 [LK.Forms.GeneralForm..ctor] INFO Запуск программы.
2020-12-06 00:30:25.1895 [LK.Forms.GeneralForm..ctor] INFO Запуск программы.
2020-12-06 00:30:29.1407 [LK.Forms.GeneralForm..ctor] INFO Запуск программы.
2020-12-06 00:30:33.6223 [LK.Forms.GeneralForm..ctor] INFO Запуск программы.
2020-12-06 00:30:39.3650 [LK.Forms.GeneralForm..ctor] INFO Запуск программы.
2020-12-06 00:30:48.1104 [LK.Forms.GeneralForm..ctor] INFO Запуск программы.
2020-12-06 00:30:48.2243 [LK.Core.Store.Database.GetFirms] ERROR no such table: Firm
2020-12-06 00:30:48.6532 [LK.Core.Store.Database.GetEnabledMailTypes] ERROR no such table: MailType
2020-12-06 00:30:48.7918 [LK.Core.Store.Database.GetMailTypes] ERROR no such table: MailType
2020-12-06 00:31:19.6602 [LK.Forms.GeneralForm..ctor] INFO Запуск программы.
2020-12-06 00:31:23.6467 [LK.Forms.GeneralForm..ctor] INFO Запуск программы.
2020-12-06 00:32:14.1878 [LK.Forms.GeneralForm..ctor] INFO Запуск программы.
2020-12-06 00:34:01.1407 [LK.Forms.GeneralForm..ctor] INFO Запуск программы.
2020-12-06 00:34:06.5186 [LK.Forms.GeneralForm..ctor] INFO Запуск программы.
2020-12-06 00:34:57.1257 [LK.Forms.GeneralForm..ctor] INFO Запуск программы.
2020-12-06 00:36:06.6037 [LK.Forms.GeneralForm..ctor] INFO Запуск программы.
2020-12-06 00:36:52.2915 [LK.Forms.GeneralForm..ctor] INFO Запуск программы.
2020-12-06 00:36:57.4619 [LK.Forms.GeneralForm..ctor] INFO Запуск программы.
2020-12-06 00:37:58.5667 [LK.Forms.GeneralForm..ctor] INFO Запуск программы.
2020-12-06 00:38:40.7225 [LK.Forms.GeneralForm..ctor] INFO Запуск программы.
2020-12-06 00:40:29.0688 [LK.Forms.GeneralForm..ctor] INFO Запуск программы.
2020-12-06 00:48:38.5410 [LK.Forms.GeneralForm..ctor] INFO Запуск программы.
2020-12-06 00:49:00.0944 [LK.Forms.GeneralForm..ctor] INFO Запуск программы.
2020-12-06 00:50:49.2119 [LK.Forms.GeneralForm..ctor] INFO Запуск программы.
2020-12-06 00:51:25.6459 [LK.Forms.GeneralForm..ctor] INFO Запуск программы.
2020-12-06 00:51:36.6771 [LK.Forms.GeneralForm..ctor] INFO Запуск программы.
2020-12-06 00:59:49.6742 [LK.Forms.GeneralForm..ctor] INFO Запуск программы.
2020-12-06 01:01:25.8574 [LK.Forms.GeneralForm..ctor] INFO Запуск программы.
2020-12-06 01:03:46.7362 [LK.Forms.GeneralForm..ctor] INFO Запуск программы.
2020-12-06 01:05:56.6209 [LK.Forms.GeneralForm..ctor] INFO Запуск программы.
2020-12-06 01:11:11.8824 [LK.Forms.GeneralForm..ctor] INFO Запуск программы.
2020-12-06 01:15:38.3959 [LK.Forms.GeneralForm..ctor] INFO Запуск программы.
2020-12-06 01:16:42.6888 [LK.Forms.GeneralForm..ctor] INFO Запуск программы.
2020-12-06 01:17:47.4782 [LK.Forms.GeneralForm..ctor] INFO Запуск программы.
2020-12-06 01:19:47.5918 [LK.Forms.GeneralForm..ctor] INFO Запуск программы.
2020-12-06 01:21:51.7760 [LK.Forms.GeneralForm..ctor] INFO Запуск программы.
2020-12-06 01:24:38.7071 [LK.Forms.GeneralForm..ctor] INFO Запуск программы.
2020-12-06 01:29:38.1294 [LK.Forms.GeneralForm..ctor] INFO Запуск программы.
2020-12-06 01:30:25.2604 [LK.Forms.GeneralForm..ctor] INFO Запуск программы.
2020-12-06 01:30:50.2214 [LK.Forms.GeneralForm..ctor] INFO Запуск программы.
2020-12-06 01:33:13.1153 [LK.Forms.GeneralForm..ctor] INFO Запуск программы.
2020-12-06 01:36:16.5451 [LK.Forms.GeneralForm..ctor] INFO Запуск программы.
2020-12-06 01:40:14.5359 [LK.Forms.GeneralForm..ctor] INFO Запуск программы.
2020-12-06 01:45:10.1411 [LK.Forms.GeneralForm..ctor] INFO Запуск программы.
2020-12-06 02:11:08.1446 [LK.Forms.GeneralForm..ctor] INFO Запуск программы.
2020-12-06 02:11:44.9926 [LK.Forms.GeneralForm..ctor] INFO Запуск программы.
2020-12-06 02:12:40.5280 [LK.Forms.GeneralForm..ctor] INFO Запуск программы.
2020-12-06 02:13:04.5903 [LK.Forms.GeneralForm..ctor] INFO Запуск программы.
2020-12-06 02:16:11.5900 [LK.Forms.GeneralForm..ctor] INFO Запуск программы.
2020-12-06 02:16:35.4868 [LK.Forms.GeneralForm..ctor] INFO Запуск программы.
2020-12-06 02:17:13.0877 [LK.Forms.GeneralForm..ctor] INFO Запуск программы.
2020-12-06 02:23:03.6501 [LK.Forms.GeneralForm..ctor] INFO Запуск программы.
2020-12-06 02:24:13.8920 [LK.Forms.GeneralForm..ctor] INFO Запуск программы.
2020-12-06 02:25:40.5587 [LK.Forms.GeneralForm..ctor] INFO Запуск программы.
2020-12-06 02:26:25.2530 [LK.Forms.GeneralForm..ctor] INFO Запуск программы.
2020-12-06 02:26:53.2390 [LK.Forms.GeneralForm..ctor] INFO Запуск программы.
2020-12-06 02:27:31.3787 [LK.Forms.GeneralForm..ctor] INFO Запуск программы.
2020-12-06 02:28:33.3847 [LK.Forms.GeneralForm..ctor] INFO Запуск программы.
2020-12-06 02:42:59.9692 [LK.Forms.GeneralForm..ctor] INFO Запуск программы.
2020-12-06 12:13:30.7722 [LK.Forms.GeneralForm..ctor] INFO Запуск программы.
2020-12-06 12:13:35.9607 [LK.Forms.GeneralForm.GeneralForm_FormClosed] INFO Завершение программы.
2020-12-06 12:19:16.0535 [LK.Forms.GeneralForm..ctor] INFO Запуск программы.
2020-12-06 12:19:42.3355 [LK.Forms.GeneralForm.GeneralForm_FormClosed] INFO Завершение программы.
2020-12-06 12:20:10.0828 [LK.Forms.GeneralForm..ctor] INFO Запуск программы.
2020-12-06 12:20:42.6473 [LK.Forms.GeneralForm.GeneralForm_FormClosed] INFO Завершение программы.
2020-12-06 12:31:02.4706 [LK.Forms.GeneralForm..ctor] INFO Запуск программы.
2020-12-06 12:31:33.6581 [LK.Forms.GeneralForm.GeneralForm_FormClosed] INFO Завершение программы.
2020-12-06 12:32:19.4327 [LK.Forms.GeneralForm..ctor] INFO Запуск программы.
2020-12-06 12:34:15.1131 [LK.Forms.GeneralForm.GeneralForm_FormClosed] INFO Завершение программы.
2020-12-06 12:35:12.4781 [LK.Forms.GeneralForm..ctor] INFO Запуск программы.
2020-12-06 12:35:31.4974 [LK.Forms.GeneralForm.GeneralForm_FormClosed] INFO Завершение программы.
2020-12-06 12:36:45.4930 [LK.Forms.GeneralForm..ctor] INFO Запуск программы.
2020-12-06 12:37:27.5501 [LK.Forms.GeneralForm.GeneralForm_FormClosed] INFO Завершение программы.
2020-12-06 12:39:27.3397 [LK.Forms.GeneralForm..ctor] INFO Запуск программы.
2020-12-06 12:39:49.6934 [LK.Forms.GeneralForm.GeneralForm_FormClosed] INFO Завершение программы.
2020-12-06 12:40:16.0199 [LK.Forms.GeneralForm..ctor] INFO Запуск программы.
2020-12-06 12:41:31.7738 [LK.Forms.GeneralForm.GeneralForm_FormClosed] INFO Завершение программы.
2020-12-06 12:42:12.8822 [LK.Forms.GeneralForm..ctor] INFO Запуск программы.
2020-12-06 13:00:56.9166 [LK.Forms.GeneralForm.GeneralForm_FormClosed] INFO Завершение программы.
2020-12-06 13:01:17.0353 [LK.Forms.GeneralForm..ctor] INFO Запуск программы.
2020-12-06 13:01:20.4842 [LK.Forms.GeneralForm.GeneralForm_FormClosed] INFO Завершение программы.
2020-12-06 13:01:22.7952 [LK.Forms.GeneralForm..ctor] INFO Запуск программы.
2020-12-06 13:01:31.0277 [LK.Forms.GeneralForm.GeneralForm_FormClosed] INFO Завершение программы.
2020-12-06 13:57:30.1385 [LK.Forms.GeneralForm..ctor] INFO Запуск программы.
2020-12-06 13:57:40.9178 [LK.Forms.SyncForm.Work] ERROR Ошибка доступа к файлу с отчетом: System.IO.IOException: Процесс не может получить доступ к файлу "D:\CODE\C#\C# Sourse\WinForms\WcPostUtils\LK\bin\Debug\DATA\LoadReport\2020-12-04.xlsx", так как этот файл используется другим процессом.
   в System.IO.__Error.WinIOError(Int32 errorCode, String maybeFullPath)
   в System.IO.FileStream.Init(String path, FileMode mode, FileAccess access, Int32 rights, Boolean useRights, FileShare share, Int32 bufferSize, FileOptions options, SECURITY_ATTRIBUTES secAttrs, String msgPath, Boolean bFromProxy, Boolean useLongPath, Boolean checkHost)
   в System.IO.FileStream..ctor(String path, FileMode mode, FileAccess access, FileShare share)
   в LK.Core.Libs.Auth.LkAuth.<ReportResponse>d__8.MoveNext() в D:\CODE\C#\C# Sourse\WinForms\WcPostUtils\LK\Core\Libs\Auth\LkAuth.cs:строка 136
--- Конец трассировка стека из предыдущего расположения, где возникло исключение ---
   в System.Runtime.CompilerServices.TaskAwaiter.ThrowForNonSuccess(Task task)
   в System.Runtime.CompilerServices.TaskAwaiter.HandleNonSuccessAndDebuggerNotification(Task task)
   в System.Runtime.CompilerServices.TaskAwaiter`1.GetResult()
   в LK.Forms.SyncForm.<Work>d__24.MoveNext() в D:\CODE\C#\C# Sourse\WinForms\WcPostUtils\LK\Forms\SyncForm.cs:строка 120
2020-12-06 13:58:42.6281 [LK.Forms.GeneralForm.GeneralForm_FormClosed] INFO Завершение программы.
2020-12-06 14:00:58.1283 [LK.Forms.GeneralForm..ctor] INFO Запуск программы.
2020-12-06 14:01:07.4276 [LK.Forms.GeneralForm.GeneralForm_FormClosed] INFO Завершение программы.
2020-12-06 14:01:17.9625 [LK.Forms.GeneralForm..ctor] INFO Запуск программы.
2020-12-06 14:01:48.3762 [LK.Forms.GeneralForm.GeneralForm_FormClosed] INFO Завершение программы.
2020-12-06 14:02:42.7725 [LK.Forms.GeneralForm..ctor] INFO Запуск программы.
2020-12-06 14:02:46.7709 [LK.Forms.GeneralForm.GeneralForm_FormClosed] INFO Завершение программы.
2020-12-06 14:05:12.7094 [LK.Forms.GeneralForm..ctor] INFO Запуск программы.
2020-12-06 14:06:27.7279 [LK.Forms.GeneralForm..ctor] INFO Запуск программы.
2020-12-06 14:14:26.7768 [LK.Forms.GeneralForm..ctor] INFO Запуск программы.
2020-12-06 14:15:10.1290 [LK.Forms.GeneralForm.GeneralForm_FormClosed] INFO Завершение программы.
2020-12-06 14:19:36.2636 [LK.Forms.GeneralForm..ctor] INFO Запуск программы.
2020-12-06 14:27:47.8744 [LK.Forms.GeneralForm..ctor] INFO Запуск программы.
2020-12-06 14:31:05.5113 [LK.Forms.GeneralForm.GeneralForm_FormClosed] INFO Завершение программы.
2020-12-06 14:33:44.4278 [LK.Forms.GeneralForm..ctor] INFO Запуск программы.
2020-12-06 14:34:29.4202 [LK.Forms.GeneralForm.GeneralForm_FormClosed] INFO Завершение программы.
2020-12-06 14:35:18.3789 [LK.Forms.GeneralForm..ctor] INFO Запуск программы.
2020-12-06 14:37:49.8410 [LK.Forms.GeneralForm..ctor] INFO Запуск программы.
2020-12-06 14:43:04.1853 [LK.Forms.GeneralForm.GeneralForm_FormClosed] INFO Завершение программы.
2020-12-06 15:03:32.1306 [LK.Forms.GeneralForm..ctor] INFO Запуск программы.
2020-12-06 15:03:43.1591 [LK.Forms.SyncForm.Work] ERROR Ошибка доступа к файлу с отчетом: System.IO.IOException: Процесс не может получить доступ к файлу "D:\CODE\C#\C# Sourse\WinForms\WcPostUtils\LK\bin\Debug\DATA\LoadReport\2020-12-04.xlsx", так как этот файл используется другим процессом.
   в System.IO.__Error.WinIOError(Int32 errorCode, String maybeFullPath)
   в System.IO.FileStream.Init(String path, FileMode mode, FileAccess access, Int32 rights, Boolean useRights, FileShare share, Int32 bufferSize, FileOptions options, SECURITY_ATTRIBUTES secAttrs, String msgPath, Boolean bFromProxy, Boolean useLongPath, Boolean checkHost)
   в System.IO.FileStream..ctor(String path, FileMode mode, FileAccess access, FileShare share)
   в LK.Core.Libs.Auth.LkAuth.<ReportResponse>d__8.MoveNext() в D:\CODE\C#\C# Sourse\WinForms\WcPostUtils\LK\Core\Libs\Auth\LkAuth.cs:строка 136
--- Конец трассировка стека из предыдущего расположения, где возникло исключение ---
   в System.Runtime.CompilerServices.TaskAwaiter.ThrowForNonSuccess(Task task)
   в System.Runtime.CompilerServices.TaskAwaiter.HandleNonSuccessAndDebuggerNotification(Task task)
   в System.Runtime.CompilerServices.TaskAwaiter`1.GetResult()
   в LK.Forms.SyncForm.<Work>d__25.MoveNext() в D:\CODE\C#\C# Sourse\WinForms\WcPostUtils\LK\Forms\SyncForm.cs:строка 121
2020-12-06 15:05:19.1300 [LK.Forms.GeneralForm.GeneralForm_FormClosed] INFO Завершение программы.
2020-12-06 15:06:00.6804 [LK.Forms.GeneralForm..ctor] INFO Запуск программы.
2020-12-06 15:06:50.9014 [LK.Forms.GeneralForm.GeneralForm_FormClosed] INFO Завершение программы.
2020-12-06 15:07:44.9721 [LK.Forms.GeneralForm..ctor] INFO Запуск программы.
2020-12-06 15:11:11.5566 [LK.Forms.GeneralForm.GeneralForm_FormClosed] INFO Завершение программы.
2020-12-06 15:12:57.5492 [LK.Forms.GeneralForm..ctor] INFO Запуск программы.
2020-12-06 15:13:10.9623 [LK.Forms.SyncForm.Work] ERROR Ошибка доступа к файлу с отчетом: System.IO.IOException: Процесс не может получить доступ к файлу "D:\CODE\C#\C# Sourse\WinForms\WcPostUtils\LK\bin\Debug\DATA\LoadReport\2020-12-04.xlsx", так как этот файл используется другим процессом.
   в System.IO.__Error.WinIOError(Int32 errorCode, String maybeFullPath)
   в System.IO.FileStream.Init(String path, FileMode mode, FileAccess access, Int32 rights, Boolean useRights, FileShare share, Int32 bufferSize, FileOptions options, SECURITY_ATTRIBUTES secAttrs, String msgPath, Boolean bFromProxy, Boolean useLongPath, Boolean checkHost)
   в System.IO.FileStream..ctor(String path, FileMode mode, FileAccess access, FileShare share)
   в LK.Core.Libs.Auth.LkAuth.<ReportResponse>d__8.MoveNext() в D:\CODE\C#\C# Sourse\WinForms\WcPostUtils\LK\Core\Libs\Auth\LkAuth.cs:строка 136
--- Конец трассировка стека из предыдущего расположения, где возникло исключение ---
   в System.Runtime.CompilerServices.TaskAwaiter.ThrowForNonSuccess(Task task)
   в System.Runtime.CompilerServices.TaskAwaiter.HandleNonSuccessAndDebuggerNotification(Task task)
   в System.Runtime.CompilerServices.TaskAwaiter`1.GetResult()
   в LK.Forms.SyncForm.<Work>d__25.MoveNext() в D:\CODE\C#\C# Sourse\WinForms\WcPostUtils\LK\Forms\SyncForm.cs:строка 121
2020-12-06 15:16:41.2026 [LK.Forms.GeneralForm.GeneralForm_FormClosed] INFO Завершение программы.
