2020-12-09 00:31:10.0341 [LK.Forms.GeneralForm..ctor] INFO Запуск программы.
2020-12-09 00:31:12.1025 [LK.Forms.GeneralForm.GeneralForm_FormClosed] INFO Завершение программы.
2020-12-09 00:58:53.6516 [LK.Forms.GeneralForm..ctor] INFO Запуск программы.
2020-12-09 01:00:47.6051 [LK.Forms.GeneralForm.GeneralForm_FormClosed] INFO Завершение программы.
2020-12-09 01:04:29.5375 [LK.Forms.GeneralForm..ctor] INFO Запуск программы.
2020-12-09 01:04:55.7522 [LK.Forms.GeneralForm.GeneralForm_FormClosed] INFO Завершение программы.
2020-12-09 01:06:43.4424 [LK.Forms.GeneralForm..ctor] INFO Запуск программы.
2020-12-09 01:07:16.2728 [LK.Forms.GeneralForm.GeneralForm_FormClosed] INFO Завершение программы.
2020-12-09 01:09:06.1461 [LK.Forms.GeneralForm..ctor] INFO Запуск программы.
2020-12-09 01:11:01.7516 [LK.Forms.GeneralForm..ctor] INFO Запуск программы.
2020-12-09 01:11:47.4948 [LK.Forms.GeneralForm..ctor] INFO Запуск программы.
2020-12-09 01:13:09.0025 [LK.Forms.GeneralForm..ctor] INFO Запуск программы.
2020-12-09 01:15:01.1514 [LK.Forms.GeneralForm.GeneralForm_FormClosed] INFO Завершение программы.
2020-12-09 01:18:01.7669 [LK.Forms.GeneralForm..ctor] INFO Запуск программы.
2020-12-09 01:21:13.3283 [LK.Forms.GeneralForm.GeneralForm_FormClosed] INFO Завершение программы.
2020-12-09 01:23:13.0380 [LK.Forms.GeneralForm..ctor] INFO Запуск программы.
2020-12-09 01:23:17.4078 [LK.Forms.GeneralForm.GeneralForm_FormClosed] INFO Завершение программы.
2020-12-09 01:24:56.0182 [LK.Forms.GeneralForm..ctor] INFO Запуск программы.
2020-12-09 01:25:16.6212 [LK.Forms.GeneralForm..ctor] INFO Запуск программы.
2020-12-09 01:27:22.9719 [LK.Forms.SyncForm.Work] ERROR Ошибка доступа к файлу с отчетом: System.Threading.Tasks.TaskCanceledException: Отменена задача.
   в System.Runtime.CompilerServices.TaskAwaiter.ThrowForNonSuccess(Task task)
   в System.Runtime.CompilerServices.TaskAwaiter.HandleNonSuccessAndDebuggerNotification(Task task)
   в System.Runtime.CompilerServices.TaskAwaiter`1.GetResult()
   в LK.Core.Libs.Auth.LkAuth.<ReportResponse>d__8.MoveNext() в D:\CODE\C#\C# Sourse\WinForms\WcPostUtils\LK\Core\Libs\Auth\LkAuth.cs:строка 131
--- Конец трассировка стека из предыдущего расположения, где возникло исключение ---
   в System.Runtime.CompilerServices.TaskAwaiter.ThrowForNonSuccess(Task task)
   в System.Runtime.CompilerServices.TaskAwaiter.HandleNonSuccessAndDebuggerNotification(Task task)
   в System.Runtime.CompilerServices.TaskAwaiter`1.GetResult()
   в LK.Forms.SyncForm.<Work>d__30.MoveNext() в D:\CODE\C#\C# Sourse\WinForms\WcPostUtils\LK\Forms\SyncForm.cs:строка 134
2020-12-09 02:32:54.7195 [LK.Forms.GeneralForm..ctor] INFO Запуск программы.
2020-12-09 02:34:21.3167 [LK.Forms.GeneralForm.GeneralForm_FormClosed] INFO Завершение программы.
2020-12-09 11:57:18.1107 [LK.Forms.GeneralForm..ctor] INFO Запуск программы.
2020-12-09 11:58:13.6620 [LK.Forms.GeneralForm.GeneralForm_FormClosed] INFO Завершение программы.
2020-12-09 12:01:56.4320 [LK.Forms.GeneralForm..ctor] INFO Запуск программы.
2020-12-09 12:02:04.4285 [LK.Forms.GeneralForm.GeneralForm_FormClosed] INFO Завершение программы.
2020-12-09 12:10:36.3978 [LK.Forms.GeneralForm..ctor] INFO Запуск программы.
2020-12-09 12:11:34.6875 [LK.Forms.GeneralForm.GeneralForm_FormClosed] INFO Завершение программы.
2020-12-09 12:24:09.0512 [LK.Forms.GeneralForm..ctor] INFO Запуск программы.
2020-12-09 12:26:31.6303 [LK.Forms.GeneralForm.GeneralForm_FormClosed] INFO Завершение программы.
2020-12-09 12:38:30.9215 [LK.Forms.GeneralForm..ctor] INFO Запуск программы.
2020-12-09 12:39:32.3774 [LK.Forms.GeneralForm..ctor] INFO Запуск программы.
2020-12-09 12:40:57.8107 [LK.Forms.GeneralForm.GeneralForm_FormClosed] INFO Завершение программы.
2020-12-09 12:41:01.5696 [LK.Forms.GeneralForm..ctor] INFO Запуск программы.
2020-12-09 12:41:57.4819 [LK.Forms.GeneralForm.GeneralForm_FormClosed] INFO Завершение программы.
2020-12-09 12:42:06.5380 [LK.Forms.GeneralForm..ctor] INFO Запуск программы.
2020-12-09 12:42:52.6340 [LK.Forms.GeneralForm..ctor] INFO Запуск программы.
2020-12-09 12:43:36.7464 [LK.Forms.GeneralForm..ctor] INFO Запуск программы.
2020-12-09 12:44:03.9650 [LK.Forms.GeneralForm.GeneralForm_FormClosed] INFO Завершение программы.
2020-12-09 12:45:58.9806 [LK.Forms.GeneralForm..ctor] INFO Запуск программы.
2020-12-09 12:46:17.4018 [LK.Forms.GeneralForm.GeneralForm_FormClosed] INFO Завершение программы.
2020-12-09 13:01:29.7826 [LK.Forms.GeneralForm..ctor] INFO Запуск программы.
2020-12-09 13:02:03.1084 [LK.Forms.GeneralForm.GeneralForm_FormClosed] INFO Завершение программы.
2020-12-09 13:07:11.3601 [LK.Forms.GeneralForm..ctor] INFO Запуск программы.
2020-12-09 13:07:12.7272 [LK.Forms.GeneralForm.GeneralForm_FormClosed] INFO Завершение программы.
2020-12-09 13:07:41.7220 [LK.Forms.GeneralForm..ctor] INFO Запуск программы.
2020-12-09 13:08:21.2937 [LK.Forms.GeneralForm.GeneralForm_FormClosed] INFO Завершение программы.
2020-12-09 13:08:51.0392 [LK.Forms.GeneralForm..ctor] INFO Запуск программы.
2020-12-09 13:09:54.3559 [LK.Forms.GeneralForm.GeneralForm_FormClosed] INFO Завершение программы.
2020-12-09 13:11:24.7123 [LK.Forms.GeneralForm..ctor] INFO Запуск программы.
2020-12-09 13:11:56.0635 [LK.Forms.GeneralForm.GeneralForm_FormClosed] INFO Завершение программы.
2020-12-09 13:17:48.7867 [LK.Forms.GeneralForm..ctor] INFO Запуск программы.
2020-12-09 13:18:13.2804 [LK.Forms.GeneralForm.GeneralForm_FormClosed] INFO Завершение программы.
2020-12-09 13:25:53.8231 [LK.Forms.GeneralForm..ctor] INFO Запуск программы.
2020-12-09 13:26:15.3996 [LK.Forms.GeneralForm.GeneralForm_FormClosed] INFO Завершение программы.
2020-12-09 13:30:54.0895 [LK.Forms.GeneralForm..ctor] INFO Запуск программы.
2020-12-09 13:31:04.4495 [LK.Forms.GeneralForm.GeneralForm_FormClosed] INFO Завершение программы.
2020-12-09 13:32:16.1041 [LK.Forms.GeneralForm..ctor] INFO Запуск программы.
2020-12-09 13:32:32.6163 [LK.Forms.GeneralForm.GeneralForm_FormClosed] INFO Завершение программы.
2020-12-09 13:32:53.3562 [LK.Forms.GeneralForm..ctor] INFO Запуск программы.
2020-12-09 13:33:59.7764 [LK.Forms.GeneralForm.GeneralForm_FormClosed] INFO Завершение программы.
2020-12-09 13:48:29.1248 [LK.Forms.GeneralForm..ctor] INFO Запуск программы.
2020-12-09 13:55:41.5669 [LK.Forms.GeneralForm.GeneralForm_FormClosed] INFO Завершение программы.
2020-12-09 13:59:26.1149 [LK.Forms.GeneralForm..ctor] INFO Запуск программы.
2020-12-09 14:00:12.8076 [LK.Forms.GeneralForm.GeneralForm_FormClosed] INFO Завершение программы.
2020-12-09 14:00:23.0466 [LK.Forms.GeneralForm..ctor] INFO Запуск программы.
2020-12-09 14:04:46.4885 [LK.Forms.GeneralForm.GeneralForm_FormClosed] INFO Завершение программы.
2020-12-09 14:08:33.4557 [LK.Forms.GeneralForm..ctor] INFO Запуск программы.
2020-12-09 14:10:58.3741 [LK.Forms.GeneralForm.GeneralForm_FormClosed] INFO Завершение программы.
2020-12-09 14:11:31.6695 [LK.Forms.GeneralForm..ctor] INFO Запуск программы.
2020-12-09 14:17:07.0678 [LK.Forms.GeneralForm..ctor] INFO Запуск программы.
2020-12-09 14:18:53.9704 [LK.Forms.GeneralForm..ctor] INFO Запуск программы.
2020-12-09 14:22:53.6716 [LK.Forms.GeneralForm..ctor] INFO Запуск программы.
2020-12-09 14:23:10.4665 [LK.Forms.GeneralForm.GeneralForm_FormClosed] INFO Завершение программы.
2020-12-09 14:23:31.7259 [LK.Forms.GeneralForm..ctor] INFO Запуск программы.
2020-12-09 14:25:11.4456 [LK.Forms.GeneralForm.GeneralForm_FormClosed] INFO Завершение программы.
2020-12-09 14:29:21.3626 [LK.Forms.GeneralForm..ctor] INFO Запуск программы.
2020-12-09 14:30:22.5497 [LK.Forms.GeneralForm.GeneralForm_FormClosed] INFO Завершение программы.
2020-12-09 14:30:43.5903 [LK.Forms.GeneralForm..ctor] INFO Запуск программы.
2020-12-09 14:30:52.9975 [LK.Forms.GeneralForm.GeneralForm_FormClosed] INFO Завершение программы.
2020-12-09 14:31:09.9794 [LK.Forms.GeneralForm..ctor] INFO Запуск программы.
2020-12-09 14:31:40.5416 [LK.Forms.GeneralForm.GeneralForm_FormClosed] INFO Завершение программы.
2020-12-09 14:31:54.3347 [LK.Forms.GeneralForm..ctor] INFO Запуск программы.
2020-12-09 14:32:04.1288 [LK.Forms.GeneralForm.GeneralForm_FormClosed] INFO Завершение программы.
2020-12-09 14:32:42.4059 [LK.Forms.GeneralForm..ctor] INFO Запуск программы.
2020-12-09 14:36:44.3219 [LK.Forms.GeneralForm..ctor] INFO Запуск программы.
2020-12-09 14:40:56.1526 [LK.Forms.GeneralForm.GeneralForm_FormClosed] INFO Завершение программы.
2020-12-09 14:56:14.1611 [LK.Forms.GeneralForm..ctor] INFO Запуск программы.
2020-12-09 14:59:10.2068 [LK.Forms.GeneralForm.GeneralForm_FormClosed] INFO Завершение программы.
2020-12-09 15:04:42.5786 [LK.Forms.GeneralForm..ctor] INFO Запуск программы.
2020-12-09 15:05:11.8543 [LK.Forms.GeneralForm.GeneralForm_FormClosed] INFO Завершение программы.
2020-12-09 15:05:33.3306 [LK.Forms.GeneralForm..ctor] INFO Запуск программы.
2020-12-09 15:05:47.1186 [LK.Forms.GeneralForm.GeneralForm_FormClosed] INFO Завершение программы.
2020-12-09 15:06:38.9922 [LK.Forms.GeneralForm..ctor] INFO Запуск программы.
2020-12-09 15:06:57.1503 [LK.Forms.GeneralForm.GeneralForm_FormClosed] INFO Завершение программы.
2020-12-09 15:09:23.5224 [LK.Forms.GeneralForm..ctor] INFO Запуск программы.
2020-12-09 15:10:28.4617 [LK.Forms.GeneralForm.GeneralForm_FormClosed] INFO Завершение программы.
2020-12-09 15:14:16.1976 [LK.Forms.GeneralForm..ctor] INFO Запуск программы.
2020-12-09 15:14:23.5144 [LK.Forms.GeneralForm.GeneralForm_FormClosed] INFO Завершение программы.
2020-12-09 15:14:39.4272 [LK.Forms.GeneralForm..ctor] INFO Запуск программы.
2020-12-09 15:14:45.6893 [LK.Forms.GeneralForm.GeneralForm_FormClosed] INFO Завершение программы.
2020-12-09 15:14:55.5514 [LK.Forms.GeneralForm..ctor] INFO Запуск программы.
2020-12-09 15:15:12.9097 [LK.Forms.GeneralForm.GeneralForm_FormClosed] INFO Завершение программы.
2020-12-09 15:15:24.9062 [LK.Forms.GeneralForm..ctor] INFO Запуск программы.
2020-12-09 15:15:38.2334 [LK.Forms.GeneralForm.GeneralForm_FormClosed] INFO Завершение программы.
2020-12-09 15:17:08.7595 [LK.Forms.GeneralForm..ctor] INFO Запуск программы.
2020-12-09 15:17:14.7777 [LK.Forms.GeneralForm.GeneralForm_FormClosed] INFO Завершение программы.
2020-12-09 15:18:01.1828 [LK.Forms.GeneralForm..ctor] INFO Запуск программы.
2020-12-09 15:18:11.8826 [LK.Forms.GeneralForm.GeneralForm_FormClosed] INFO Завершение программы.
2020-12-09 15:19:16.9009 [LK.Forms.GeneralForm..ctor] INFO Запуск программы.
2020-12-09 15:20:24.6328 [LK.Forms.GeneralForm.GeneralForm_FormClosed] INFO Завершение программы.
2020-12-09 15:21:43.9121 [LK.Forms.GeneralForm..ctor] INFO Запуск программы.
2020-12-09 15:22:24.6781 [LK.Forms.GeneralForm.GeneralForm_FormClosed] INFO Завершение программы.
2020-12-09 15:23:26.5284 [LK.Forms.GeneralForm..ctor] INFO Запуск программы.
2020-12-09 15:24:12.8213 [LK.Forms.GeneralForm.GeneralForm_FormClosed] INFO Завершение программы.
2020-12-09 15:27:42.9846 [LK.Forms.GeneralForm..ctor] INFO Запуск программы.
2020-12-09 15:45:12.8986 [LK.Forms.GeneralForm.GeneralForm_FormClosed] INFO Завершение программы.
2020-12-09 15:46:51.0449 [LK.Forms.GeneralForm..ctor] INFO Запуск программы.
2020-12-09 15:52:20.7919 [LK.Forms.GeneralForm.GeneralForm_FormClosed] INFO Завершение программы.
2020-12-09 15:58:04.1060 [LK.Forms.GeneralForm..ctor] INFO Запуск программы.
2020-12-09 15:59:02.0272 [LK.Forms.GeneralForm..ctor] INFO Запуск программы.
2020-12-09 15:59:46.5130 [LK.Forms.GeneralForm.GeneralForm_FormClosed] INFO Завершение программы.
2020-12-09 16:00:26.3774 [LK.Forms.GeneralForm..ctor] INFO Запуск программы.
2020-12-09 16:01:52.2505 [LK.Forms.GeneralForm..ctor] INFO Запуск программы.
2020-12-09 16:02:04.1941 [LK.Forms.GeneralForm.GeneralForm_FormClosed] INFO Завершение программы.
2020-12-09 16:05:18.8445 [LK.Forms.GeneralForm..ctor] INFO Запуск программы.
2020-12-09 16:05:47.1929 [LK.Forms.GeneralForm.GeneralForm_FormClosed] INFO Завершение программы.
2020-12-09 16:06:45.8943 [LK.Forms.GeneralForm..ctor] INFO Запуск программы.
2020-12-09 16:07:12.3671 [LK.Forms.GeneralForm.GeneralForm_FormClosed] INFO Завершение программы.
2020-12-09 17:26:45.9083 [LK.Forms.GeneralForm..ctor] INFO Запуск программы.
2020-12-09 17:28:10.9448 [LK.Forms.GeneralForm.GeneralForm_FormClosed] INFO Завершение программы.
2020-12-09 17:33:32.2829 [LK.Forms.GeneralForm..ctor] INFO Запуск программы.
2020-12-09 17:34:01.8728 [LK.Forms.GeneralForm.GeneralForm_FormClosed] INFO Завершение программы.
2020-12-09 17:46:56.2651 [LK.Forms.GeneralForm..ctor] INFO Запуск программы.
2020-12-09 17:47:05.4800 [LK.Forms.GeneralForm.GeneralForm_FormClosed] INFO Завершение программы.
2020-12-09 17:52:01.0116 [LK.Forms.GeneralForm..ctor] INFO Запуск программы.
2020-12-09 17:52:06.6477 [LK.Forms.GeneralForm.GeneralForm_FormClosed] INFO Завершение программы.
2020-12-09 17:57:50.5090 [LK.Forms.GeneralForm..ctor] INFO Запуск программы.
2020-12-09 17:58:36.1303 [LK.Forms.GeneralForm.GeneralForm_FormClosed] INFO Завершение программы.
2020-12-09 17:59:01.8949 [LK.Forms.GeneralForm..ctor] INFO Запуск программы.
2020-12-09 17:59:42.1342 [LK.Forms.GeneralForm.GeneralForm_FormClosed] INFO Завершение программы.
2020-12-09 18:00:26.4040 [LK.Forms.GeneralForm..ctor] INFO Запуск программы.
2020-12-09 18:03:09.0604 [LK.Forms.GeneralForm..ctor] INFO Запуск программы.
2020-12-09 18:03:22.9590 [LK.Forms.GeneralForm.GeneralForm_FormClosed] INFO Завершение программы.
2020-12-09 18:07:23.7394 [LK.Forms.GeneralForm..ctor] INFO Запуск программы.
2020-12-09 18:09:04.0446 [LK.Forms.GeneralForm..ctor] INFO Запуск программы.
2020-12-09 18:11:09.7403 [LK.Forms.GeneralForm..ctor] INFO Запуск программы.
2020-12-09 18:12:52.6705 [LK.Forms.GeneralForm..ctor] INFO Запуск программы.
2020-12-09 18:13:36.1785 [LK.Forms.GeneralForm..ctor] INFO Запуск программы.
2020-12-09 18:13:46.6303 [LK.Forms.GeneralForm.GeneralForm_FormClosed] INFO Завершение программы.
2020-12-09 18:14:05.7854 [LK.Forms.GeneralForm..ctor] INFO Запуск программы.
2020-12-09 18:21:42.1160 [LK.Forms.GeneralForm..ctor] INFO Запуск программы.
2020-12-09 18:23:02.4640 [LK.Forms.GeneralForm.GeneralForm_FormClosed] INFO Завершение программы.
2020-12-09 20:14:01.5113 [LK.Forms.GeneralForm..ctor] INFO Запуск программы.
2020-12-09 20:14:36.9941 [LK.Forms.GeneralForm.GeneralForm_FormClosed] INFO Завершение программы.
2020-12-09 20:14:53.1575 [LK.Forms.GeneralForm..ctor] INFO Запуск программы.
2020-12-09 20:15:15.8051 [LK.Forms.GeneralForm.GeneralForm_FormClosed] INFO Завершение программы.
2020-12-09 20:16:39.9189 [LK.Forms.GeneralForm..ctor] INFO Запуск программы.
2020-12-09 20:17:08.5634 [LK.Forms.GeneralForm.GeneralForm_FormClosed] INFO Завершение программы.
2020-12-09 20:19:25.2090 [LK.Forms.GeneralForm..ctor] INFO Запуск программы.
2020-12-09 20:20:18.3438 [LK.Forms.GeneralForm.GeneralForm_FormClosed] INFO Завершение программы.
2020-12-09 20:26:22.4705 [LK.Forms.GeneralForm..ctor] INFO Запуск программы.
2020-12-09 20:27:33.5876 [LK.Forms.GeneralForm.GeneralForm_FormClosed] INFO Завершение программы.
2020-12-09 20:52:19.9402 [LK.Forms.GeneralForm..ctor] INFO Запуск программы.
2020-12-09 20:57:50.6093 [LK.Forms.GeneralForm.GeneralForm_FormClosed] INFO Завершение программы.
2020-12-09 21:05:08.6981 [LK.Forms.GeneralForm..ctor] INFO Запуск программы.
2020-12-09 21:06:42.5590 [LK.Forms.GeneralForm.GeneralForm_FormClosed] INFO Завершение программы.
2020-12-09 21:15:06.6224 [LK.Forms.GeneralForm..ctor] INFO Запуск программы.
2020-12-09 21:16:05.6626 [LK.Forms.GeneralForm.GeneralForm_FormClosed] INFO Завершение программы.
2020-12-09 21:24:15.6739 [LK.Forms.GeneralForm..ctor] INFO Запуск программы.
2020-12-09 21:25:11.1073 [LK.Forms.GeneralForm.GeneralForm_FormClosed] INFO Завершение программы.
2020-12-09 21:59:25.9449 [LK.Forms.GeneralForm..ctor] INFO Запуск программы.
2020-12-09 21:59:58.0945 [LK.Forms.GeneralForm.GeneralForm_FormClosed] INFO Завершение программы.
2020-12-09 22:00:32.6741 [LK.Forms.GeneralForm..ctor] INFO Запуск программы.
2020-12-09 22:00:55.4438 [LK.Forms.GeneralForm.GeneralForm_FormClosed] INFO Завершение программы.
2020-12-09 22:12:30.0406 [LK.Forms.GeneralForm..ctor] INFO Запуск программы.
2020-12-09 22:13:58.0811 [LK.Forms.GeneralForm.GeneralForm_FormClosed] INFO Завершение программы.
2020-12-09 22:34:44.3402 [LK.Forms.GeneralForm..ctor] INFO Запуск программы.
2020-12-09 22:34:44.7641 [LK.Forms.GeneralForm..ctor] INFO Запуск программы.
2020-12-09 22:34:46.9624 [LK.Forms.GeneralForm.GeneralForm_FormClosed] INFO Завершение программы.
2020-12-09 22:35:00.6151 [LK.Forms.GeneralForm..ctor] INFO Запуск программы.
2020-12-09 22:35:01.0260 [LK.Forms.GeneralForm..ctor] INFO Запуск программы.
2020-12-09 22:35:08.0369 [LK.Forms.GeneralForm.GeneralForm_FormClosed] INFO Завершение программы.
2020-12-09 22:35:44.8482 [LK.Forms.GeneralForm..ctor] INFO Запуск программы.
2020-12-09 22:35:58.9432 [LK.Forms.GeneralForm..ctor] INFO Запуск программы.
2020-12-09 22:36:02.0286 [LK.Forms.GeneralForm.GeneralForm_FormClosed] INFO Завершение программы.
2020-12-09 22:36:06.1104 [LK.Forms.GeneralForm..ctor] INFO Запуск программы.
2020-12-09 22:38:11.0382 [LK.Forms.GeneralForm..ctor] INFO Запуск программы.
2020-12-09 22:38:38.4481 [LK.Forms.GeneralForm..ctor] INFO Запуск программы.
2020-12-09 22:38:41.2775 [LK.Forms.GeneralForm.GeneralForm_FormClosed] INFO Завершение программы.
2020-12-09 22:40:04.0340 [LK.Forms.GeneralForm..ctor] INFO Запуск программы.
2020-12-09 22:40:14.0667 [LK.Forms.GeneralForm..ctor] INFO Запуск программы.
2020-12-09 22:40:29.3501 [LK.Forms.GeneralForm..ctor] INFO Запуск программы.
2020-12-09 22:40:39.5461 [LK.Forms.GeneralForm..ctor] INFO Запуск программы.
2020-12-09 22:41:15.4959 [LK.Forms.GeneralForm..ctor] INFO Запуск программы.
2020-12-09 22:42:35.5079 [LK.Forms.GeneralForm..ctor] INFO Запуск программы.
2020-12-09 22:43:43.7888 [LK.Forms.GeneralForm..ctor] INFO Запуск программы.
2020-12-09 22:44:54.1086 [LK.Forms.GeneralForm..ctor] INFO Запуск программы.
